<?xml version="1.0" encoding="UTF-8"?>
<!-- Generated by org.testng.reporters.JUnitReportReporter -->
<testsuite hostname="pennant-vsp121" failures="1" tests="6" name="com.nkxgen.spring.jdbc.Test.TransactionControllerTest" time="0.724" errors="0" timestamp="2023-07-03T17:32:32 IST" skipped="0">
  <testcase classname="com.nkxgen.spring.jdbc.Test.TransactionControllerTest" name="testGetDepositMoney_Success" time="0.686">
    <failure message="expected [deposit successfully] but found [Failed to deposit money: Cannot invoke &quot;org.springframework.context.ApplicationEventPublisher.publishEvent(Object)&quot; because &quot;this.applicationEventPublisher&quot; is null]" type="java.lang.AssertionError">
      <![CDATA[java.lang.AssertionError: expected [deposit successfully] but found [Failed to deposit money: Cannot invoke "org.springframework.context.ApplicationEventPublisher.publishEvent(Object)" because "this.applicationEventPublisher" is null]
at org.testng.Assert.fail(Assert.java:111)
at org.testng.Assert.failNotEquals(Assert.java:1578)
at org.testng.Assert.assertEqualsImpl(Assert.java:150)
at org.testng.Assert.assertEquals(Assert.java:132)
at org.testng.Assert.assertEquals(Assert.java:656)
at org.testng.Assert.assertEquals(Assert.java:666)
at com.nkxgen.spring.jdbc.Test.TransactionControllerTest.testGetDepositMoney_Success(TransactionControllerTest.java:136)
at java.base/jdk.internal.reflect.NativeMethodAccessorImpl.invoke0(Native Method)
at java.base/jdk.internal.reflect.NativeMethodAccessorImpl.invoke(NativeMethodAccessorImpl.java:62)
at java.base/jdk.internal.reflect.DelegatingMethodAccessorImpl.invoke(DelegatingMethodAccessorImpl.java:43)
at java.base/java.lang.reflect.Method.invoke(Method.java:564)
at org.testng.internal.invokers.MethodInvocationHelper.invokeMethod(MethodInvocationHelper.java:139)
at org.testng.internal.invokers.TestInvoker.invokeMethod(TestInvoker.java:664)
at org.testng.internal.invokers.TestInvoker.invokeTestMethod(TestInvoker.java:227)
at org.testng.internal.invokers.MethodRunner.runInSequence(MethodRunner.java:50)
at org.testng.internal.invokers.TestInvoker$MethodInvocationAgent.invoke(TestInvoker.java:957)
at org.testng.internal.invokers.TestInvoker.invokeTestMethods(TestInvoker.java:200)
at org.testng.internal.invokers.TestMethodWorker.invokeTestMethods(TestMethodWorker.java:148)
at org.testng.internal.invokers.TestMethodWorker.run(TestMethodWorker.java:128)
at java.base/java.util.ArrayList.forEach(ArrayList.java:1510)
at org.testng.TestRunner.privateRun(TestRunner.java:848)
at org.testng.TestRunner.run(TestRunner.java:621)
at org.testng.SuiteRunner.runTest(SuiteRunner.java:443)
at org.testng.SuiteRunner.runSequentially(SuiteRunner.java:437)
at org.testng.SuiteRunner.privateRun(SuiteRunner.java:397)
at org.testng.SuiteRunner.run(SuiteRunner.java:336)
at org.testng.SuiteRunnerWorker.runSuite(SuiteRunnerWorker.java:52)
at org.testng.SuiteRunnerWorker.run(SuiteRunnerWorker.java:95)
at org.testng.TestNG.runSuitesSequentially(TestNG.java:1280)
at org.testng.TestNG.runSuitesLocally(TestNG.java:1200)
at org.testng.TestNG.runSuites(TestNG.java:1114)
at org.testng.TestNG.run(TestNG.java:1082)
at org.testng.remote.AbstractRemoteTestNG.run(AbstractRemoteTestNG.java:115)
at org.testng.remote.RemoteTestNG.initAndRun(RemoteTestNG.java:251)
at org.testng.remote.RemoteTestNG.main(RemoteTestNG.java:77)
]]>
    </failure>
  </testcase> <!-- testGetDepositMoney_Success -->
  <testcase classname="com.nkxgen.spring.jdbc.Test.TransactionControllerTest" name="loanRepaymentForm_ValidModel_ReturnsLoanRepaymentView" time="0.002"/>
  <testcase classname="com.nkxgen.spring.jdbc.Test.TransactionControllerTest" name="loWithdrawlForm_ValidModel_ReturnsLoanWithdrawlFormView" time="0.003"/>
  <testcase classname="com.nkxgen.spring.jdbc.Test.TransactionControllerTest" name="moneyWithdrawlForm_ValidModel_ReturnsMoneyWithdrawlFormView" time="0.002"/>
  <testcase classname="com.nkxgen.spring.jdbc.Test.TransactionControllerTest" name="moneyDepositeForm_ValidModel_ReturnsMoneyDepositView" time="0.005"/>
  <testcase classname="com.nkxgen.spring.jdbc.Test.TransactionControllerTest" name="getAccountDetails_ValidAccount_ReturnsSubMoneyDepositView" time="0.026"/>
</testsuite> <!-- com.nkxgen.spring.jdbc.Test.TransactionControllerTest -->
